<?xml version="1.0" encoding="UTF-8"?>
<testng-results ignored="0" total="1" passed="1" failed="0" skipped="0">
  <reporter-output>
  </reporter-output>
  <suite started-at="2024-07-06T14:35:24 IST" name="Default suite" finished-at="2024-07-06T15:11:43 IST" duration-ms="2178956">
    <groups>
    </groups>
    <test started-at="2024-07-06T14:35:24 IST" name="Default test" finished-at="2024-07-06T15:11:43 IST" duration-ms="2178956">
      <class name="com.tutorialninja.qa.testcases.Chennai_Adayar">
        <test-method is-config="true" signature="setup()[pri:0, instance:com.tutorialninja.qa.testcases.Chennai_Adayar@5b1669c0]" started-at="2024-07-06T14:35:24 IST" name="setup" finished-at="2024-07-06T14:35:28 IST" duration-ms="3953" status="PASS">
          <reporter-output>
          </reporter-output>
        </test-method> <!-- setup -->
        <test-method signature="verifyAdayar_Registeration()[pri:1, instance:com.tutorialninja.qa.testcases.Chennai_Adayar@5b1669c0]" started-at="2024-07-06T14:35:28 IST" name="verifyAdayar_Registeration" finished-at="2024-07-06T15:11:43 IST" duration-ms="2174965" status="PASS">
          <reporter-output>
          </reporter-output>
        </test-method> <!-- verifyAdayar_Registeration -->
        <test-method is-config="true" signature="Close()[pri:0, instance:com.tutorialninja.qa.testcases.Chennai_Adayar@5b1669c0]" started-at="2024-07-06T15:11:43 IST" name="Close" finished-at="2024-07-06T15:11:43 IST" duration-ms="1" status="PASS">
          <reporter-output>
          </reporter-output>
        </test-method> <!-- Close -->
      </class> <!-- com.tutorialninja.qa.testcases.Chennai_Adayar -->
    </test> <!-- Default test -->
  </suite> <!-- Default suite -->
</testng-results>
