<?xml version="1.0" encoding="UTF-8"?>
<testng-results ignored="0" total="1" passed="1" failed="0" skipped="0">
  <reporter-output>
  </reporter-output>
  <suite started-at="2024-07-23T15:33:14 IST" name="Default suite" finished-at="2024-07-23T15:38:17 IST" duration-ms="303285">
    <groups>
    </groups>
    <test started-at="2024-07-23T15:33:14 IST" name="Default test" finished-at="2024-07-23T15:38:17 IST" duration-ms="303285">
      <class name="com.tutorialninja.qa.testcases.Chennai_Adayar">
        <test-method is-config="true" signature="setup()[pri:0, instance:com.tutorialninja.qa.testcases.Chennai_Adayar@78e4deb0]" started-at="2024-07-23T15:33:14 IST" name="setup" finished-at="2024-07-23T15:33:26 IST" duration-ms="12675" status="PASS">
          <reporter-output>
          </reporter-output>
        </test-method> <!-- setup -->
        <test-method signature="verifyAdayar_Registeration()[pri:1, instance:com.tutorialninja.qa.testcases.Chennai_Adayar@78e4deb0]" started-at="2024-07-23T15:33:26 IST" name="verifyAdayar_Registeration" finished-at="2024-07-23T15:38:17 IST" duration-ms="290560" status="PASS">
          <reporter-output>
          </reporter-output>
        </test-method> <!-- verifyAdayar_Registeration -->
        <test-method is-config="true" signature="Close()[pri:0, instance:com.tutorialninja.qa.testcases.Chennai_Adayar@78e4deb0]" started-at="2024-07-23T15:38:17 IST" name="Close" finished-at="2024-07-23T15:38:17 IST" duration-ms="0" status="PASS">
          <reporter-output>
          </reporter-output>
        </test-method> <!-- Close -->
      </class> <!-- com.tutorialninja.qa.testcases.Chennai_Adayar -->
    </test> <!-- Default test -->
  </suite> <!-- Default suite -->
</testng-results>
