<?xml version="1.0" encoding="UTF-8"?>
<testng-results ignored="0" total="5" passed="4" failed="1" skipped="0">
  <reporter-output>
  </reporter-output>
  <suite started-at="2024-08-01T12:28:28 IST" name="Suite" finished-at="2024-08-01T12:29:19 IST" duration-ms="50955">
    <groups>
    </groups>
    <test started-at="2024-08-01T12:28:28 IST" name="Test" finished-at="2024-08-01T12:29:19 IST" duration-ms="50955">
      <class name="com.tutorialninja.qa.testcases.LoginTest_1">
        <test-method is-config="true" signature="setup()[pri:0, instance:com.tutorialninja.qa.testcases.LoginTest_1@4145bad8]" started-at="2024-08-01T12:28:28 IST" name="setup" finished-at="2024-08-01T12:28:30 IST" duration-ms="2234" status="PASS">
          <reporter-output>
          </reporter-output>
        </test-method> <!-- setup -->
        <test-method signature="Verify_Orbit_Webiste()[pri:1, instance:com.tutorialninja.qa.testcases.LoginTest_1@4145bad8]" started-at="2024-08-01T12:28:30 IST" name="Verify_Orbit_Webiste" finished-at="2024-08-01T12:28:46 IST" duration-ms="15984" status="FAIL">
          <exception class="org.openqa.selenium.NoSuchElementException">
            <message>
              <![CDATA[no such element: Unable to locate element: {"method":"link text","selector":"Reset password"}
  (Session info: chrome=127.0.6533.88)
For documentation on this error, please visit: https://www.selenium.dev/documentation/webdriver/troubleshooting/errors#no-such-element-exception
Build info: version: '4.11.0', revision: '040bc5406b'
System info: os.name: 'Windows 11', os.arch: 'amd64', os.version: '10.0', java.version: '17.0.10'
Driver info: org.openqa.selenium.chrome.ChromeDriver
Command: [0172e4025896deca15e37205dcdd06b4, findElement {using=link text, value=Reset password}]
Capabilities {acceptInsecureCerts: false, browserName: chrome, browserVersion: 127.0.6533.88, chrome: {chromedriverVersion: 127.0.6533.88 (a2d0cb026721..., userDataDir: C:\Users\white\AppData\Loca...}, fedcm:accounts: true, goog:chromeOptions: {debuggerAddress: localhost:56608}, networkConnectionEnabled: false, pageLoadStrategy: normal, platformName: windows, proxy: Proxy(), se:cdp: ws://localhost:56608/devtoo..., se:cdpVersion: 127.0.6533.88, setWindowRect: true, strictFileInteractability: false, timeouts: {implicit: 0, pageLoad: 300000, script: 30000}, unhandledPromptBehavior: dismiss and notify, webauthn:extension:credBlob: true, webauthn:extension:largeBlob: true, webauthn:extension:minPinLength: true, webauthn:extension:prf: true, webauthn:virtualAuthenticators: true}
Session ID: 0172e4025896deca15e37205dcdd06b4]]>
            </message>
            <full-stacktrace>
              <![CDATA[org.openqa.selenium.NoSuchElementException: no such element: Unable to locate element: {"method":"link text","selector":"Reset password"}
  (Session info: chrome=127.0.6533.88)
For documentation on this error, please visit: https://www.selenium.dev/documentation/webdriver/troubleshooting/errors#no-such-element-exception
Build info: version: '4.11.0', revision: '040bc5406b'
System info: os.name: 'Windows 11', os.arch: 'amd64', os.version: '10.0', java.version: '17.0.10'
Driver info: org.openqa.selenium.chrome.ChromeDriver
Command: [0172e4025896deca15e37205dcdd06b4, findElement {using=link text, value=Reset password}]
Capabilities {acceptInsecureCerts: false, browserName: chrome, browserVersion: 127.0.6533.88, chrome: {chromedriverVersion: 127.0.6533.88 (a2d0cb026721..., userDataDir: C:\Users\white\AppData\Loca...}, fedcm:accounts: true, goog:chromeOptions: {debuggerAddress: localhost:56608}, networkConnectionEnabled: false, pageLoadStrategy: normal, platformName: windows, proxy: Proxy(), se:cdp: ws://localhost:56608/devtoo..., se:cdpVersion: 127.0.6533.88, setWindowRect: true, strictFileInteractability: false, timeouts: {implicit: 0, pageLoad: 300000, script: 30000}, unhandledPromptBehavior: dismiss and notify, webauthn:extension:credBlob: true, webauthn:extension:largeBlob: true, webauthn:extension:minPinLength: true, webauthn:extension:prf: true, webauthn:virtualAuthenticators: true}
Session ID: 0172e4025896deca15e37205dcdd06b4
at java.base/jdk.internal.reflect.NativeConstructorAccessorImpl.newInstance0(Native Method)
at java.base/jdk.internal.reflect.NativeConstructorAccessorImpl.newInstance(NativeConstructorAccessorImpl.java:77)
at java.base/jdk.internal.reflect.DelegatingConstructorAccessorImpl.newInstance(DelegatingConstructorAccessorImpl.java:45)
at java.base/java.lang.reflect.Constructor.newInstanceWithCaller(Constructor.java:499)
at java.base/java.lang.reflect.Constructor.newInstance(Constructor.java:480)
at org.openqa.selenium.remote.codec.w3c.W3CHttpResponseCodec.createException(W3CHttpResponseCodec.java:200)
at org.openqa.selenium.remote.codec.w3c.W3CHttpResponseCodec.decode(W3CHttpResponseCodec.java:133)
at org.openqa.selenium.remote.codec.w3c.W3CHttpResponseCodec.decode(W3CHttpResponseCodec.java:52)
at org.openqa.selenium.remote.HttpCommandExecutor.execute(HttpCommandExecutor.java:191)
at org.openqa.selenium.remote.service.DriverCommandExecutor.invokeExecute(DriverCommandExecutor.java:196)
at org.openqa.selenium.remote.service.DriverCommandExecutor.execute(DriverCommandExecutor.java:171)
at org.openqa.selenium.remote.RemoteWebDriver.execute(RemoteWebDriver.java:518)
at org.openqa.selenium.remote.ElementLocation$ElementFinder$2.findElement(ElementLocation.java:165)
at org.openqa.selenium.remote.ElementLocation.findElement(ElementLocation.java:59)
at org.openqa.selenium.remote.RemoteWebDriver.findElement(RemoteWebDriver.java:355)
at org.openqa.selenium.remote.RemoteWebDriver.findElement(RemoteWebDriver.java:349)
at com.tutorialninja.qa.testcases.LoginTest_1.Verify_Orbit_Webiste(LoginTest_1.java:49)
at java.base/jdk.internal.reflect.NativeMethodAccessorImpl.invoke0(Native Method)
at java.base/jdk.internal.reflect.NativeMethodAccessorImpl.invoke(NativeMethodAccessorImpl.java:77)
at java.base/jdk.internal.reflect.DelegatingMethodAccessorImpl.invoke(DelegatingMethodAccessorImpl.java:43)
at java.base/java.lang.reflect.Method.invoke(Method.java:568)
at org.testng.internal.invokers.MethodInvocationHelper.invokeMethod(MethodInvocationHelper.java:139)
at org.testng.internal.invokers.TestInvoker.invokeMethod(TestInvoker.java:664)
at org.testng.internal.invokers.TestInvoker.invokeTestMethod(TestInvoker.java:227)
at org.testng.internal.invokers.MethodRunner.runInSequence(MethodRunner.java:50)
at org.testng.internal.invokers.TestInvoker$MethodInvocationAgent.invoke(TestInvoker.java:957)
at org.testng.internal.invokers.TestInvoker.invokeTestMethods(TestInvoker.java:200)
at org.testng.internal.invokers.TestMethodWorker.invokeTestMethods(TestMethodWorker.java:148)
at org.testng.internal.invokers.TestMethodWorker.run(TestMethodWorker.java:128)
at java.base/java.util.ArrayList.forEach(ArrayList.java:1511)
at org.testng.TestRunner.privateRun(TestRunner.java:848)
at org.testng.TestRunner.run(TestRunner.java:621)
at org.testng.SuiteRunner.runTest(SuiteRunner.java:443)
at org.testng.SuiteRunner.runSequentially(SuiteRunner.java:437)
at org.testng.SuiteRunner.privateRun(SuiteRunner.java:397)
at org.testng.SuiteRunner.run(SuiteRunner.java:336)
at org.testng.SuiteRunnerWorker.runSuite(SuiteRunnerWorker.java:52)
at org.testng.SuiteRunnerWorker.run(SuiteRunnerWorker.java:95)
at org.testng.TestNG.runSuitesSequentially(TestNG.java:1280)
at org.testng.TestNG.runSuitesLocally(TestNG.java:1200)
at org.testng.TestNG.runSuites(TestNG.java:1114)
at org.testng.TestNG.run(TestNG.java:1082)
at org.testng.remote.AbstractRemoteTestNG.run(AbstractRemoteTestNG.java:115)
at org.testng.remote.RemoteTestNG.initAndRun(RemoteTestNG.java:251)
at org.testng.remote.RemoteTestNG.main(RemoteTestNG.java:77)
]]>
            </full-stacktrace>
          </exception> <!-- org.openqa.selenium.NoSuchElementException -->
          <reporter-output>
          </reporter-output>
        </test-method> <!-- Verify_Orbit_Webiste -->
        <test-method is-config="true" signature="teardown()[pri:0, instance:com.tutorialninja.qa.testcases.LoginTest_1@4145bad8]" started-at="2024-08-01T12:28:46 IST" name="teardown" finished-at="2024-08-01T12:28:48 IST" duration-ms="1183" status="PASS">
          <reporter-output>
          </reporter-output>
        </test-method> <!-- teardown -->
        <test-method is-config="true" signature="setup()[pri:0, instance:com.tutorialninja.qa.testcases.LoginTest_1@4145bad8]" started-at="2024-08-01T12:28:48 IST" name="setup" finished-at="2024-08-01T12:28:49 IST" duration-ms="980" status="PASS">
          <reporter-output>
          </reporter-output>
        </test-method> <!-- setup -->
        <test-method signature="verfiy_TringAI_Website()[pri:2, instance:com.tutorialninja.qa.testcases.LoginTest_1@4145bad8]" started-at="2024-08-01T12:28:49 IST" name="verfiy_TringAI_Website" finished-at="2024-08-01T12:28:53 IST" duration-ms="4693" status="PASS">
          <reporter-output>
          </reporter-output>
        </test-method> <!-- verfiy_TringAI_Website -->
        <test-method is-config="true" signature="teardown()[pri:0, instance:com.tutorialninja.qa.testcases.LoginTest_1@4145bad8]" started-at="2024-08-01T12:28:53 IST" name="teardown" finished-at="2024-08-01T12:28:54 IST" duration-ms="176" status="PASS">
          <reporter-output>
          </reporter-output>
        </test-method> <!-- teardown -->
        <test-method is-config="true" signature="setup()[pri:0, instance:com.tutorialninja.qa.testcases.LoginTest_1@4145bad8]" started-at="2024-08-01T12:28:54 IST" name="setup" finished-at="2024-08-01T12:28:55 IST" duration-ms="1054" status="PASS">
          <reporter-output>
          </reporter-output>
        </test-method> <!-- setup -->
        <test-method signature="verify_CarbonLoops_Website()[pri:3, instance:com.tutorialninja.qa.testcases.LoginTest_1@4145bad8]" started-at="2024-08-01T12:28:55 IST" name="verify_CarbonLoops_Website" finished-at="2024-08-01T12:28:59 IST" duration-ms="4611" status="PASS">
          <reporter-output>
          </reporter-output>
        </test-method> <!-- verify_CarbonLoops_Website -->
        <test-method is-config="true" signature="teardown()[pri:0, instance:com.tutorialninja.qa.testcases.LoginTest_1@4145bad8]" started-at="2024-08-01T12:28:59 IST" name="teardown" finished-at="2024-08-01T12:28:59 IST" duration-ms="166" status="PASS">
          <reporter-output>
          </reporter-output>
        </test-method> <!-- teardown -->
        <test-method is-config="true" signature="setup()[pri:0, instance:com.tutorialninja.qa.testcases.LoginTest_1@4145bad8]" started-at="2024-08-01T12:28:59 IST" name="setup" finished-at="2024-08-01T12:29:00 IST" duration-ms="959" status="PASS">
          <reporter-output>
          </reporter-output>
        </test-method> <!-- setup -->
        <test-method signature="verfiy_EllaFoods_Wesbite()[pri:4, instance:com.tutorialninja.qa.testcases.LoginTest_1@4145bad8]" started-at="2024-08-01T12:29:00 IST" name="verfiy_EllaFoods_Wesbite" finished-at="2024-08-01T12:29:03 IST" duration-ms="3056" status="PASS">
          <reporter-output>
          </reporter-output>
        </test-method> <!-- verfiy_EllaFoods_Wesbite -->
        <test-method is-config="true" signature="teardown()[pri:0, instance:com.tutorialninja.qa.testcases.LoginTest_1@4145bad8]" started-at="2024-08-01T12:29:03 IST" name="teardown" finished-at="2024-08-01T12:29:04 IST" duration-ms="194" status="PASS">
          <reporter-output>
          </reporter-output>
        </test-method> <!-- teardown -->
        <test-method is-config="true" signature="setup()[pri:0, instance:com.tutorialninja.qa.testcases.LoginTest_1@4145bad8]" started-at="2024-08-01T12:29:04 IST" name="setup" finished-at="2024-08-01T12:29:05 IST" duration-ms="960" status="PASS">
          <reporter-output>
          </reporter-output>
        </test-method> <!-- setup -->
        <test-method signature="verfiy_stoneandacres_Website()[pri:5, instance:com.tutorialninja.qa.testcases.LoginTest_1@4145bad8]" started-at="2024-08-01T12:29:05 IST" name="verfiy_stoneandacres_Website" finished-at="2024-08-01T12:29:18 IST" duration-ms="13953" status="PASS">
          <reporter-output>
          </reporter-output>
        </test-method> <!-- verfiy_stoneandacres_Website -->
        <test-method is-config="true" signature="teardown()[pri:0, instance:com.tutorialninja.qa.testcases.LoginTest_1@4145bad8]" started-at="2024-08-01T12:29:18 IST" name="teardown" finished-at="2024-08-01T12:29:19 IST" duration-ms="274" status="PASS">
          <reporter-output>
          </reporter-output>
        </test-method> <!-- teardown -->
      </class> <!-- com.tutorialninja.qa.testcases.LoginTest_1 -->
    </test> <!-- Test -->
  </suite> <!-- Suite -->
</testng-results>
